已經開始建置於 2018/5/17 上午 11:48:39。
     1>節點 2 (build 目標) 上的專案 "C:\Users\user\Documents\Visual Studio 2010\Projects\terris\terris.vcxproj"。
     1>InitializeBuildStatus:
         由於指定了 "AlwaysCreate"，因此正在建立 "Release\terris.unsuccessfulbuild"。
       ClCompile:
         D:\visual2010\VC\bin\CL.exe /c /Zi /nologo /W3 /WX- /O2 /Oi /Oy- /GL /D _MBCS /Gm- /EHsc /MD /GS /Gy /fp:precise /Zc:wchar_t /Zc:forScope /Fo"Release\\" /Fd"Release\vc100.pdb" /Gd /TP /analyze- /errorReport:prompt main.cpp ObjObject.cpp ObjPoint.cpp Rect.cpp utilwin32.cpp
         main.cpp
     1>main.cpp(192): warning C4996: 'kbhit': The POSIX name for this item is deprecated. Instead, use the ISO C++ conformant name: _kbhit. See online help for details.
                 D:\visual2010\VC\include\conio.h(130) : 請參閱 'kbhit' 的宣告
     1>main.cpp(194): warning C4996: 'getch': The POSIX name for this item is deprecated. Instead, use the ISO C++ conformant name: _getch. See online help for details.
                 D:\visual2010\VC\include\conio.h(128) : 請參閱 'getch' 的宣告
     1>main.cpp(195): warning C4996: 'getch': The POSIX name for this item is deprecated. Instead, use the ISO C++ conformant name: _getch. See online help for details.
                 D:\visual2010\VC\include\conio.h(128) : 請參閱 'getch' 的宣告
     1>main.cpp(202): warning C4390: ';' : 找到空白的控制陳述式，是正確的嗎?
     1>main.cpp(205): warning C4390: ';' : 找到空白的控制陳述式，是正確的嗎?
     1>main.cpp(231): warning C4996: 'getch': The POSIX name for this item is deprecated. Instead, use the ISO C++ conformant name: _getch. See online help for details.
                 D:\visual2010\VC\include\conio.h(128) : 請參閱 'getch' 的宣告
     1>main.cpp(232): warning C4996: 'getch': The POSIX name for this item is deprecated. Instead, use the ISO C++ conformant name: _getch. See online help for details.
                 D:\visual2010\VC\include\conio.h(128) : 請參閱 'getch' 的宣告
     1>main.cpp(23): warning C4101: 'y' : 未參考的區域變數
     1>main.cpp(23): warning C4101: 'x' : 未參考的區域變數
         ObjObject.cpp
         ObjPoint.cpp
         Rect.cpp
         utilwin32.cpp
       Link:
         D:\visual2010\VC\bin\link.exe /ERRORREPORT:PROMPT /OUT:"C:\Users\user\Documents\Visual Studio 2010\Projects\terris\Release\terris.exe" /NOLOGO kernel32.lib user32.lib gdi32.lib winspool.lib comdlg32.lib advapi32.lib shell32.lib ole32.lib oleaut32.lib uuid.lib odbc32.lib odbccp32.lib /MANIFEST /ManifestFile:"Release\terris.exe.intermediate.manifest" /MANIFESTUAC:"level='asInvoker' uiAccess='false'" /DEBUG /PDB:"C:\Users\user\Documents\Visual Studio 2010\Projects\terris\Release\terris.pdb" /OPT:REF /OPT:ICF /LTCG /TLBID:1 /DYNAMICBASE /NXCOMPAT /IMPLIB:"C:\Users\user\Documents\Visual Studio 2010\Projects\terris\Release\terris.lib" /MACHINE:X86 Release\main.obj
         Release\ObjObject.obj
         Release\ObjPoint.obj
         Release\Rect.obj
         Release\utilwin32.obj
     1>main.obj : error LNK2001: 無法解析的外部符號 _outtextxy
     1>main.obj : error LNK2001: 無法解析的外部符號 _initwindow
     1>ObjObject.obj : error LNK2001: 無法解析的外部符號 _setfillstyle
     1>ObjObject.obj : error LNK2001: 無法解析的外部符號 _bar
     1>Rect.obj : error LNK2001: 無法解析的外部符號 _rectangle
     1>C:\Users\user\Documents\Visual Studio 2010\Projects\terris\Release\terris.exe : fatal error LNK1120: 5 個無法解析的外部符號
     1>專案 "C:\Users\user\Documents\Visual Studio 2010\Projects\terris\terris.vcxproj" (build 目標) 建置完成 -- 失敗。

建置失敗。

經過時間 00:00:02.94
